This is pdfTeX, Version 3.1415926-2.3-1.40.12 (TeX Live 2011) (format=latex 2011.7.3)  1 FEB 2012 01:22
entering extended mode
 restricted \write18 enabled.
 %&-line parsing enabled.
**\makeatletter\def\HCode{\futurelet\HCode\HChar}\def\HChar{\ifx"\HCode\def\HCo
de"##1"{\Link##1}\expandafter\HCode\else\expandafter\Link\fi}\def\Link#1.a.b.c.
{\g@addto@macro\@documentclasshook{\RequirePackage[#1,html]{tex4ht}}\let\HCode\
documentstyle\def\documentstyle{\let\documentstyle\HCode\expandafter\def\csname
 tex4ht\endcsname{#1,html}\def\HCode####1{\documentstyle[tex4ht,}\@ifnextchar[{
\HCode}{\documentstyle[tex4ht]}}}\makeatother\HCode html,frames,3.a.b.c.\input 
 QubistHTML.tex
(./QubistHTML.tex (/usr/local/texlive/2011/texmf-dist/tex/latex/base/book.cls
Document Class: book 2007/10/19 v1.4h Standard LaTeX document class
(/usr/local/texlive/2011/texmf-dist/tex/latex/base/bk10.clo
File: bk10.clo 2007/10/19 v1.4h Standard LaTeX file (size option)
)
\c@part=\count79
\c@chapter=\count80
\c@section=\count81
\c@subsection=\count82
\c@subsubsection=\count83
\c@paragraph=\count84
\c@subparagraph=\count85
\c@figure=\count86
\c@table=\count87
\abovecaptionskip=\skip41
\belowcaptionskip=\skip42
\bibindent=\dimen102
)
(/usr/local/texlive/2011/texmf-dist/tex/generic/tex4ht/tex4ht.sty
version 2008-10-27-17:23
Package: tex4ht 
--------------------------------------
--- Note --- for _ at preamble, use the command line option `early_'
--------------------------------------
--------------------------------------
--- Note --- for ^ at preamble, use the command line option `early^'
--------------------------------------
\tmp:toks=\toks14
)
(/usr/local/texlive/2011/texmf-dist/tex/generic/tex4ht/usepackage.4ht
version 2009-05-21-09:32
)
(/usr/local/texlive/2011/texmf-dist/tex/latex/graphics/graphicx.sty
Package: graphicx 1999/02/16 v1.0f Enhanced LaTeX Graphics (DPC,SPQR)

(/usr/local/texlive/2011/texmf-dist/tex/latex/graphics/keyval.sty
Package: keyval 1999/03/16 v1.13 key=value parser (DPC)
\KV@toks@=\toks15
)
(/usr/local/texlive/2011/texmf-dist/tex/latex/graphics/graphics.sty
Package: graphics 2009/02/05 v1.0o Standard LaTeX Graphics (DPC,SPQR)

(/usr/local/texlive/2011/texmf-dist/tex/latex/graphics/trig.sty
Package: trig 1999/03/16 v1.09 sin cos tan (DPC)
)
(/usr/local/texlive/2011/texmf-dist/tex/latex/latexconfig/graphics.cfg
File: graphics.cfg 2010/04/23 v1.9 graphics configuration of TeX Live
)
Package graphics Info: Driver file: dvips.def on input line 91.

(/usr/local/texlive/2011/texmf-dist/tex/latex/graphics/dvips.def
File: dvips.def 1999/02/16 v3.0i Driver-dependant file (DPC,SPQR)
))
\Gin@req@height=\dimen103
\Gin@req@width=\dimen104
)
(/usr/local/texlive/2011/texmf-dist/tex/latex/amsmath/amsmath.sty
Package: amsmath 2000/07/18 v2.13 AMS math features
\@mathmargin=\skip43

For additional information on amsmath, use the `?' option.
(/usr/local/texlive/2011/texmf-dist/tex/latex/amsmath/amstext.sty
Package: amstext 2000/06/29 v2.01

(/usr/local/texlive/2011/texmf-dist/tex/latex/amsmath/amsgen.sty
File: amsgen.sty 1999/11/30 v2.0
\@emptytoks=\toks16
\ex@=\dimen105
))
(/usr/local/texlive/2011/texmf-dist/tex/latex/amsmath/amsbsy.sty
Package: amsbsy 1999/11/29 v1.2d
\pmbraise@=\dimen106
)
(/usr/local/texlive/2011/texmf-dist/tex/latex/amsmath/amsopn.sty
Package: amsopn 1999/12/14 v2.01 operator names
)
\inf@bad=\count88
LaTeX Info: Redefining \frac on input line 211.
\uproot@=\count89
\leftroot@=\count90
LaTeX Info: Redefining \overline on input line 307.
\classnum@=\count91
\DOTSCASE@=\count92
LaTeX Info: Redefining \ldots on input line 379.
LaTeX Info: Redefining \dots on input line 382.
LaTeX Info: Redefining \cdots on input line 467.
\Mathstrutbox@=\box26
\strutbox@=\box27
\big@size=\dimen107
LaTeX Font Info:    Redeclaring font encoding OML on input line 567.
LaTeX Font Info:    Redeclaring font encoding OMS on input line 568.
\macc@depth=\count93
\c@MaxMatrixCols=\count94
\dotsspace@=\muskip10
\c@parentequation=\count95
\dspbrk@lvl=\count96
\tag@help=\toks17
\row@=\count97
\column@=\count98
\maxfields@=\count99
\andhelp@=\toks18
\eqnshift@=\dimen108
\alignsep@=\dimen109
\tagshift@=\dimen110
\tagwidth@=\dimen111
\totwidth@=\dimen112
\lineht@=\dimen113
\@envbody=\toks19
\multlinegap=\skip44
\multlinetaggap=\skip45
\mathdisplay@stack=\toks20
LaTeX Info: Redefining \[ on input line 2666.
LaTeX Info: Redefining \] on input line 2667.
)
(/usr/local/texlive/2011/texmf-dist/tex/latex/amsfonts/amsfonts.sty
Package: amsfonts 2009/06/22 v3.00 Basic AMSFonts support
\symAMSa=\mathgroup4
\symAMSb=\mathgroup5
LaTeX Font Info:    Overwriting math alphabet `\mathfrak' in version `bold'
(Font)                  U/euf/m/n --> U/euf/b/n on input line 96.
)
(/usr/local/texlive/2011/texmf-dist/tex/latex/amsfonts/amssymb.sty
Package: amssymb 2009/06/22 v3.00
)
(./natbib.sty
Package: natbib 1998/07/14 6.8c (PWD)
\bibhang=\skip46
\bibsep=\skip47
LaTeX Info: Redefining \cite on input line 467.
\c@NAT@ctr=\count100
) (./fullpage.sty
Style Option FULLPAGE Version 2 as of 15 Dec 1988
) (/usr/local/texlive/2011/texmf-dist/tex/latex/graphics/color.sty
Package: color 2005/11/14 v1.0j Standard LaTeX Color (DPC)

(/usr/local/texlive/2011/texmf-dist/tex/latex/latexconfig/color.cfg
File: color.cfg 2007/01/18 v1.5 color configuration of teTeX/TeXLive
)
Package color Info: Driver file: dvips.def on input line 130.

(/usr/local/texlive/2011/texmf-dist/tex/latex/graphics/dvipsnam.def
File: dvipsnam.def 1999/02/16 v3.0i Driver-dependant file (DPC,SPQR)
))
(./crayola.sty) (./boxedminipage.sty) (./fancyvrb.sty
Package: fancyvrb 1998/07/17

Style option: `fancyvrb' v2.6, with DG/SPQR fixes <1998/07/17> (tvz)
\FV@CodeLineNo=\count101
\FV@InFile=\read1
\FV@TabBox=\box28
\c@FancyVerbLine=\count102
\FV@StepNumber=\count103
\FV@OutFile=\write3

No file fancyvrb.cfg.
) (./pstricks.sty
(/usr/local/texlive/2011/texmf-dist/tex/generic/pstricks/pstricks.tex
(/usr/local/texlive/2011/texmf-dist/tex/generic/xkeyval/pst-xkey.tex
File: pst-xkey.tex 2005/11/25 v1.6 PSTricks specialization of xkeyval (HA)

(/usr/local/texlive/2011/texmf-dist/tex/latex/xkeyval/xkeyval.sty
Package: xkeyval 2008/08/13 v2.6a package option processing (HA)

(/usr/local/texlive/2011/texmf-dist/tex/generic/xkeyval/xkeyval.tex
\XKV@toks=\toks21
\XKV@tempa@toks=\toks22
\XKV@depth=\count104
File: xkeyval.tex 2008/08/13 v2.6a key=value parser (HA)
)))
(/usr/local/texlive/2011/texmf-dist/tex/generic/pstricks/pst-fp.tex
`pst-fp' v0.05, 2010/01/17 (hv)
\pstFP@xs=\count105
\pstFP@xia=\count106
\pstFP@xib=\count107
\pstFP@xfa=\count108
\pstFP@xfb=\count109
\pstFP@rega=\count110
\pstFP@regb=\count111
\pstFP@regs=\count112
\pstFP@times=\count113
)
\psLoopIndex=\count114

`PSTricks' v2.20  <2011/04/23> (tvz)
\pst@dima=\dimen114
\pst@dimb=\dimen115
\pst@dimc=\dimen116
\pst@dimd=\dimen117
\pst@dimg=\dimen118
\pst@dimh=\dimen119
\pst@dimm=\dimen120
\pst@dimn=\dimen121
\pst@dimo=\dimen122
\pst@dimp=\dimen123
\pst@hbox=\box29
\pst@ibox=\box30
\pst@boxg=\box31
\pst@cnta=\count115
\pst@cntb=\count116
\pst@cntc=\count117
\pst@cntd=\count118
\pst@cntg=\count119
\pst@cnth=\count120
\pst@cntm=\count121
\pst@cntn=\count122
\pst@cnto=\count123
\pst@cntp=\count124
\@zero=\count125
\pst@toks=\toks23
(/usr/local/texlive/2011/texmf-dist/tex/generic/pstricks/pstricks.con)
\psunit=\dimen124
\psxunit=\dimen125
\psyunit=\dimen126
\pst@C@@rType=\count126
\pslinewidth=\dimen127
\psk@startLW=\dimen128
\psk@endLW=\dimen129
\pst@customdefs=\toks24
\pslinearc=\dimen130
\pst@symbolStep=\dimen131
\pst@symbolWidth=\dimen132
\everypsbox=\toks25
\psframesep=\dimen133
\pslabelsep=\dimen134
\pst@shift=\dimen135
\theoverlaybox=\box32
))
(/usr/local/texlive/2011/texmf-dist/tex/latex/fourier/fourier-orns.sty
Package: fourier-orns 2004/01/30 1.1 fourier-ornaments package
)
(/usr/local/texlive/2011/texmf-dist/tex/latex/geometry/geometry.sty
Package: geometry 2010/09/12 v5.6 Page Geometry

(/usr/local/texlive/2011/texmf-dist/tex/generic/oberdiek/ifpdf.sty
Package: ifpdf 2011/01/30 v2.3 Provides the ifpdf switch (HO)
Package ifpdf Info: pdfTeX in PDF mode is not detected.
)
(/usr/local/texlive/2011/texmf-dist/tex/generic/oberdiek/ifvtex.sty
Package: ifvtex 2010/03/01 v1.5 Switches for detecting VTeX and its modes (HO)
Package ifvtex Info: VTeX not detected.
)
(/usr/local/texlive/2011/texmf-dist/tex/generic/ifxetex/ifxetex.sty
Package: ifxetex 2010/09/12 v0.6 Provides ifxetex conditional
)
\Gm@cnth=\count127
\Gm@cntv=\count128
\c@Gm@tempcnt=\count129
\Gm@bindingoffset=\dimen136
\Gm@wd@mp=\dimen137
\Gm@odd@mp=\dimen138
\Gm@even@mp=\dimen139
\Gm@layoutwidth=\dimen140
\Gm@layoutheight=\dimen141
\Gm@layouthoffset=\dimen142
\Gm@layoutvoffset=\dimen143
\Gm@dimlist=\toks26
)
(./threeparttable.sty
Package: threeparttable 2003/06/13  v 3.0
\@tempboxb=\box33
)
(/usr/local/texlive/2011/texmf-dist/tex/latex/base/makeidx.sty
Package: makeidx 2000/03/29 v1.0m Standard LaTeX package
) (./selectp.sty
\SP@nextpage=\count130
\SP@expectpage=\count131
\SP@garbage=\box34
) (/usr/local/texlive/2011/texmf-dist/tex/latex/hyperref/hyperref.sty
Package: hyperref 2011/04/17 v6.82g Hypertext links for LaTeX

(/usr/local/texlive/2011/texmf-dist/tex/generic/oberdiek/hobsub-hyperref.sty
Package: hobsub-hyperref 2011/04/23 v1.4 Bundle oberdiek, subset hyperref (HO)

(/usr/local/texlive/2011/texmf-dist/tex/generic/oberdiek/hobsub-generic.sty
Package: hobsub-generic 2011/04/23 v1.4 Bundle oberdiek, subset generic (HO)
Package: hobsub 2011/04/23 v1.4 Subsetting bundle oberdiek (HO)
Package: infwarerr 2010/04/08 v1.3 Providing info/warning/message (HO)
Package: ltxcmds 2011/04/18 v1.20 LaTeX kernel commands for general use (HO)
Package: ifluatex 2010/03/01 v1.3 Provides the ifluatex switch (HO)
Package ifluatex Info: LuaTeX not detected.
Package hobsub Info: Skipping package `ifvtex' (already loaded).
Package: intcalc 2007/09/27 v1.1 Expandable integer calculations (HO)
Package hobsub Info: Skipping package `ifpdf' (already loaded).
Package: etexcmds 2011/02/16 v1.5 Prefix for e-TeX command names (HO)
Package etexcmds Info: Could not find \expanded.
(etexcmds)             That can mean that you are not using pdfTeX 1.50 or
(etexcmds)             that some package has redefined \expanded.
(etexcmds)             In the latter case, load this package earlier.
Package: kvsetkeys 2011/04/07 v1.13 Key value parser (HO)
Package: kvdefinekeys 2011/04/07 v1.3 Defining keys (HO)
Package: pdftexcmds 2011/04/22 v0.16 Utilities of pdfTeX for LuaTeX (HO)
Package pdftexcmds Info: LuaTeX not detected.
Package pdftexcmds Info: \pdf@primitive is available.
Package pdftexcmds Info: \pdf@ifprimitive is available.
Package pdftexcmds Info: \pdfdraftmode is ignored in DVI mode.
Package: pdfescape 2011/04/04 v1.12 Provides string conversions (HO)
Package: bigintcalc 2011/01/30 v1.2 Expandable big integer calculations (HO)
Package: bitset 2011/01/30 v1.1 Data type bit set (HO)
Package: uniquecounter 2011/01/30 v1.2 Provides unlimited unique counter (HO)
)
Package hobsub Info: Skipping package `hobsub' (already loaded).
Package: letltxmacro 2010/09/02 v1.4 Let assignment for LaTeX macros (HO)
Package: hopatch 2011/01/30 v1.0 Wrapper for package hooks (HO)
Package: xcolor-patch 2011/01/30 xcolor patch
Package: atveryend 2011/04/23 v1.7 Hooks at very end of document (HO)
Package atveryend Info: \enddocument detected (standard).
Package: atbegshi 2011/01/30 v1.15 At begin shipout hook (HO)
Package: refcount 2010/12/01 v3.2 Data extraction from references (HO)
Package: hycolor 2011/01/30 v1.7 Color options of hyperref/bookmark (HO)
)
(/usr/local/texlive/2011/texmf-dist/tex/latex/oberdiek/kvoptions.sty
Package: kvoptions 2010/12/23 v3.10 Keyval support for LaTeX options (HO)
)
\@linkdim=\dimen144
\Hy@linkcounter=\count132
\Hy@pagecounter=\count133

(/usr/local/texlive/2011/texmf-dist/tex/latex/hyperref/pd1enc.def
File: pd1enc.def 2011/04/17 v6.82g Hyperref: PDFDocEncoding definition (HO)
)
\Hy@SavedSpaceFactor=\count134

(/usr/local/texlive/2011/texmf-dist/tex/latex/latexconfig/hyperref.cfg
File: hyperref.cfg 2002/06/06 v1.2 hyperref configuration of TeXLive
)
Package hyperref Info: Option `final' set `true' on input line 3905.
Package hyperref Info: Option `colorlinks' set `true' on input line 3905.
Package hyperref Info: Option `bookmarks' set `true' on input line 3905.
Package hyperref Info: Hyper figures OFF on input line 4026.
Package hyperref Info: Link nesting OFF on input line 4031.
Package hyperref Info: Hyper index ON on input line 4034.
Package hyperref Info: Plain pages OFF on input line 4041.
Package hyperref Info: Backreferencing OFF on input line 4046.
Package hyperref Info: Implicit mode ON; LaTeX internals redefined.
Package hyperref Info: Bookmarks ON on input line 4264.
\c@Hy@tempcnt=\count135

(/usr/local/texlive/2011/texmf-dist/tex/latex/url/url.sty
\Urlmuskip=\muskip11
Package: url 2006/04/12  ver 3.3  Verb mode for urls, etc.
)
LaTeX Info: Redefining \url on input line 4617.
\Fld@menulength=\count136
\Field@Width=\dimen145
\Fld@charsize=\dimen146
\Field@toks=\toks27
Package hyperref Info: Hyper figures OFF on input line 5701.
Package hyperref Info: Link nesting OFF on input line 5706.
Package hyperref Info: Hyper index ON on input line 5709.
Package hyperref Info: backreferencing OFF on input line 5716.
Package hyperref Info: Link coloring ON on input line 5719.
Package hyperref Info: Link coloring with OCG OFF on input line 5726.
Package hyperref Info: PDF/A mode OFF on input line 5731.
LaTeX Info: Redefining \ref on input line 5771.
LaTeX Info: Redefining \pageref on input line 5775.
\Hy@abspage=\count137


Package hyperref Message: Stopped early.

)

Package hyperref Message: Driver: htex4ht.

(/usr/local/texlive/2011/texmf-dist/tex/latex/hyperref/htex4ht.def
File: htex4ht.def 2011/04/17 v6.82g Hyperref driver for TeX4ht
Package hyperref Info: tex4ht is already loaded.
)
\@indexfile=\write4
\openout4 = `QubistHTML.idx'.


Writing index file QubistHTML.idx
(/usr/local/texlive/2011/texmf-dist/tex/generic/tex4ht/tex4ht.4ht
version 2009-01-07-07:11
--------------------------------------
--- Note --- for additional information, use the command line option `info'
--------------------------------------

::::::::::::::::::::::::::::::::::::::::::
 TeX4ht info is available in the log file 
::::::::::::::::::::::::::::::::::::::::::
) (/usr/local/texlive/2011/texmf-dist/tex/generic/tex4ht/tex4ht.sty
version 2008-10-27-17:23

--- needs --- tex4ht QubistHTML ---
\tmp:cnt=\count138
\openout15 = `QubistHTML.tmp'.

(./QubistHTML.tmp)
\tmp:dim=\skip48
--------------------------------------
--- Note --- for XML code, use the command line option `xml' or `xhtml'
--------------------------------------
 (./QubistHTML.xref)
\:refout=\write5
\openout5 = `QubistHTML.xref'.


(/usr/local/texlive/2011/texmf-dist/tex/generic/tex4ht/html4.4ht
version 2009-05-18-23:01
--------------------------------------
--- Note --- to remove the <?xml version=...?> processing instruction use the c
ommand line option `no-VERSION'
--------------------------------------
--------------------------------------
--- Note --- to remove the DOCTYPE declaration use the command line option `no-
DOCTYPE'
--------------------------------------
)
(/usr/local/texlive/2011/texmf-dist/tex/generic/tex4ht/html4-math.4ht
version 2009-05-18-23:01
)
--------------------------------------
--- Note --- for marking of the base font, use the command line option `fonts+'

--------------------------------------
--------------------------------------
--- Note --- for non active _, use the command line option `no_'
--------------------------------------
--------------------------------------
--- Note --- for _ of catcode 13, use the command line option `_13'
--------------------------------------
--------------------------------------
--- Note --- for non active ^, use the command line option `no^'
--------------------------------------
--------------------------------------
--- Note --- for ^ of catcode 13, use the command line option `^13'
--------------------------------------

(/usr/local/texlive/2011/texmf-dist/tex/generic/tex4ht/html4.4ht
version 2009-05-18-23:01
--------------------------------------
--- Note --- For section filenames that reflect on their titles use the command
 line option `sec-filename'
--------------------------------------
--------------------------------------
--- Note --- for alternative charset, use the command line option `charset=...'

--------------------------------------
--------------------------------------
--- Note --- to ignore CSS font decoration, use the `NoFonts' command line opti
on
--------------------------------------
--------------------------------------
--- Note --- for jpg bitmaps of pictures, use the `jpg' command line option. (C
haracter bitmaps are controled only by `g' records of tex4ht.env and `-g' switc
hes of tex4ht.c) 
--------------------------------------
--------------------------------------
--- Note --- for gif bitmaps of pictures, use the `gif' command line option. (C
haracter bitmaps are controled only by `g' records of tex4ht.env and `-g' switc
hes of tex4ht.c) 
--------------------------------------
--------------------------------------
--- Note --- for file extension name xht, use the command line option `xht'
--------------------------------------
TeX4ht package options: html,frames,3
--------------------------------------
--- Note --- to ignore CSS code, use the command line option `-css
--------------------------------------
--------------------------------------
--- Note --- for inline CSS code, use the command line option `css-in'
--------------------------------------
--------------------------------------
--- Note --- for pop ups on mouse over, use the command line option `mouseover'

--------------------------------------
--------------------------------------
--- Note --- for addressing images in a subdirectory, use the command line opti
on `imgdir:.../'
--------------------------------------
)
(/usr/local/texlive/2011/texmf-dist/tex/generic/tex4ht/html4-math.4ht
version 2009-05-18-23:01
)
\:tokwrite=\toks28
\:tokpage=\toks29
--------------------------------------
--- Note --- for back links to toc, use the command line option `sections+'
--------------------------------------
--------------------------------------
--- Note --- for linear crosslinks of pages, use the command line option `next'

--------------------------------------
\openout15 = `QubistHTML.4ct'.

\:tocout=\write6
\openout6 = `QubistHTML.4tc'.


(/usr/local/texlive/2011/texmf-dist/tex/generic/tex4ht/html4.4ht
version 2009-05-18-23:01
)
(/usr/local/texlive/2011/texmf-dist/tex/generic/tex4ht/html4-math.4ht
version 2009-05-18-23:01
)
(/usr/local/texlive/2011/texmf-dist/tex/generic/tex4ht/latex.4ht
version 2009-05-21-09:32
--------------------------------------
--- Note --- for links into captions, instead of float heads, use the command l
ine option `refcaption'
--------------------------------------

(/usr/local/texlive/2011/texmf-dist/tex/generic/tex4ht/html4.4ht
version 2009-05-18-23:01
--------------------------------------
--- Note --- For mini tocs immediately aftter the header use the command line o
ption `minitoc<'
--------------------------------------
--------------------------------------
--- Note --- for enumerated list elements with valued data, use the command lin
e option `enumerate+'
--------------------------------------
--------------------------------------
--- Note --- for enumerated list elements li's with value attributes, use the c
ommand line option `enumerate-'
--------------------------------------
--------------------------------------
--- Note --- for CSS2 code, use the command line option `css2'
--------------------------------------
--------------------------------------
--- Note --- for pictorial tabular, use the command line option `pic-tabular'
--------------------------------------
--------------------------------------
--- Note --- for bitmap fbox'es, use the command line option `pic-fbox'
--------------------------------------
--------------------------------------
--- Note --- for bitmap framebox'es, use the command line option `pic-framebox'

--------------------------------------
--------------------------------------
--- Note --- for inline footnotes use command line option `fn-in'
--------------------------------------
--------------------------------------
--- Note --- for tracing of latex font commands, use the command line option `f
onts'
--------------------------------------
--------------------------------------
--- Note --- for width specifications of tabular p entries, use the `p-width' c
ommand line option or a configuration similar to \Configure{HColWidth}{\HCode{ 
style="width:\HColWidth"}}
--------------------------------------
)
(/usr/local/texlive/2011/texmf-dist/tex/generic/tex4ht/html4-math.4ht
version 2009-05-18-23:01
--------------------------------------
--- Note --- for pictorial eqnarray, use the command line option `pic-eqnarray'

--------------------------------------
--------------------------------------
--- Note --- for pictorial array, use the command line option `pic-array'
--------------------------------------
--------------------------------------
--- Note --- for pictorial $...$ environments, use the command line option `pic
-m' (not recommended!!)
--------------------------------------
--------------------------------------
--- Note --- for pictorial $...$ and $$...$$ environments with latex alt, use t
he command line option `pic-m+' (not safe!!)
--------------------------------------
--------------------------------------
--- Note --- for pictorial array, use the command line option `pic-array'
--------------------------------------
))
(/usr/local/texlive/2011/texmf-dist/tex/generic/tex4ht/fontmath.4ht
version 2009-05-21-09:32

(/usr/local/texlive/2011/texmf-dist/tex/generic/tex4ht/html4.4ht
version 2009-05-18-23:01
)
(/usr/local/texlive/2011/texmf-dist/tex/generic/tex4ht/html4-math.4ht
version 2009-05-18-23:01
))
(/usr/local/texlive/2011/texmf-dist/tex/generic/tex4ht/book.4ht
version 2009-05-21-09:32

(/usr/local/texlive/2011/texmf-dist/tex/generic/tex4ht/html4.4ht
version 2009-05-18-23:01
--------------------------------------
--- Note --- for tocs without * entries, use command line option `notoc*'
--------------------------------------
--------------------------------------
--- Note --- for tocs without * entries, use command line option `notoc*'
--------------------------------------
--------------------------------------
--- Note --- for tocs without * entries, use command line option `notoc*'
--------------------------------------
--------------------------------------
--- Note --- to eliminate mini tables of contents, use the command line option 
`nominitoc'
--------------------------------------
--------------------------------------
--- Note --- to eliminate mini tables of contents, use the command line option 
`nominitoc'
--------------------------------------
--------------------------------------
--- Note --- for frames-like object-based table of contents, use the command li
ne option `obj-toc'
--------------------------------------
--------------------------------------
--- Note --- for files named derived from section titles, use the command line 
option `sec-filename'
--------------------------------------
--------------------------------------
--- Note --- for i-columns index, use the command line option `index=i' (e.g., 
index=2)
--------------------------------------
)
(/usr/local/texlive/2011/texmf-dist/tex/generic/tex4ht/html4-math.4ht
version 2009-05-18-23:01
))
(/usr/local/texlive/2011/texmf-dist/tex/generic/tex4ht/graphicx.4ht
version 2009-05-21-09:32

(/usr/local/texlive/2011/texmf-dist/tex/generic/tex4ht/html4.4ht
version 2009-05-18-23:01
)
(/usr/local/texlive/2011/texmf-dist/tex/generic/tex4ht/html4-math.4ht
version 2009-05-18-23:01
))
(/usr/local/texlive/2011/texmf-dist/tex/generic/tex4ht/graphics.4ht
version 2009-05-21-09:32

(/usr/local/texlive/2011/texmf-dist/tex/generic/tex4ht/html4.4ht
version 2009-05-18-23:01
--------------------------------------
--- Note --- if included graphics are of degraded quality, try the command line
 options `graphics-num' or `graphics-'. The `num' should provide the density of
 pixels in the bitmaps (e.g., 110). 
--------------------------------------
--------------------------------------
--- Note --- for key dimensions try the option `Gin-dim'; for key dimensions wh
en bounding box is unavailable try `Gin-dim+'; neither is recommended
--------------------------------------
)
(/usr/local/texlive/2011/texmf-dist/tex/generic/tex4ht/html4-math.4ht
version 2009-05-18-23:01
))
(/usr/local/texlive/2011/texmf-dist/tex/generic/tex4ht/dvips.4ht
version 2009-05-21-09:32

(/usr/local/texlive/2011/texmf-dist/tex/generic/tex4ht/html4.4ht
version 2009-05-18-23:01
)
(/usr/local/texlive/2011/texmf-dist/tex/generic/tex4ht/html4-math.4ht
version 2009-05-18-23:01
))
(/usr/local/texlive/2011/texmf-dist/tex/generic/tex4ht/amsmath.4ht
version 2009-05-21-09:32
\tmp:muskip=\muskip12

(/usr/local/texlive/2011/texmf-dist/tex/generic/tex4ht/html4.4ht
version 2009-05-18-23:01
)
(/usr/local/texlive/2011/texmf-dist/tex/generic/tex4ht/html4-math.4ht
version 2009-05-18-23:01
))
(/usr/local/texlive/2011/texmf-dist/tex/generic/tex4ht/amstext.4ht
version 2009-05-21-09:32

(/usr/local/texlive/2011/texmf-dist/tex/generic/tex4ht/html4.4ht
version 2009-05-18-23:01
)
(/usr/local/texlive/2011/texmf-dist/tex/generic/tex4ht/html4-math.4ht
version 2009-05-18-23:01
))
(/usr/local/texlive/2011/texmf-dist/tex/generic/tex4ht/amsbsy.4ht
version 2009-05-21-09:32

(/usr/local/texlive/2011/texmf-dist/tex/generic/tex4ht/html4.4ht
version 2009-05-18-23:01
)
(/usr/local/texlive/2011/texmf-dist/tex/generic/tex4ht/html4-math.4ht
version 2009-05-18-23:01
))
(/usr/local/texlive/2011/texmf-dist/tex/generic/tex4ht/amsopn.4ht
version 2009-05-21-09:32

(/usr/local/texlive/2011/texmf-dist/tex/generic/tex4ht/html4.4ht
version 2009-05-18-23:01
)
(/usr/local/texlive/2011/texmf-dist/tex/generic/tex4ht/html4-math.4ht
version 2009-05-18-23:01
))
(/usr/local/texlive/2011/texmf-dist/tex/generic/tex4ht/amsfonts.4ht
version 2009-05-21-09:32

(/usr/local/texlive/2011/texmf-dist/tex/generic/tex4ht/html4.4ht
version 2009-05-18-23:01
)
(/usr/local/texlive/2011/texmf-dist/tex/generic/tex4ht/html4-math.4ht
version 2009-05-18-23:01
))
(/usr/local/texlive/2011/texmf-dist/tex/generic/tex4ht/amssymb.4ht
version 2009-05-21-09:32

(/usr/local/texlive/2011/texmf-dist/tex/generic/tex4ht/html4.4ht
version 2009-05-18-23:01
)
(/usr/local/texlive/2011/texmf-dist/tex/generic/tex4ht/html4-math.4ht
version 2009-05-18-23:01
))
(/usr/local/texlive/2011/texmf-dist/tex/generic/tex4ht/natbib.4ht
version 2009-05-21-09:32

(/usr/local/texlive/2011/texmf-dist/tex/generic/tex4ht/html4.4ht
version 2009-05-18-23:01
)
(/usr/local/texlive/2011/texmf-dist/tex/generic/tex4ht/html4-math.4ht
version 2009-05-18-23:01
))
(/usr/local/texlive/2011/texmf-dist/tex/generic/tex4ht/color.4ht
version 2009-05-21-09:32

(/usr/local/texlive/2011/texmf-dist/tex/generic/tex4ht/html4.4ht
version 2009-05-18-23:01
)
(/usr/local/texlive/2011/texmf-dist/tex/generic/tex4ht/html4-math.4ht
version 2009-05-18-23:01
))
(/usr/local/texlive/2011/texmf-dist/tex/generic/tex4ht/dvipsnam.4ht
version 2009-05-21-09:32

(/usr/local/texlive/2011/texmf-dist/tex/latex/graphics/dvipsnam.def)
(/usr/local/texlive/2011/texmf-dist/tex/generic/tex4ht/html4.4ht
version 2009-05-18-23:01
)
(/usr/local/texlive/2011/texmf-dist/tex/generic/tex4ht/html4-math.4ht
version 2009-05-18-23:01
))
(/usr/local/texlive/2011/texmf-dist/tex/generic/tex4ht/boxedminipage.4ht
version 2009-05-21-09:32

(/usr/local/texlive/2011/texmf-dist/tex/generic/tex4ht/html4.4ht
version 2009-05-18-23:01
)
(/usr/local/texlive/2011/texmf-dist/tex/generic/tex4ht/html4-math.4ht
version 2009-05-18-23:01
))
(/usr/local/texlive/2011/texmf-dist/tex/generic/tex4ht/fancyvrb.4ht
version 2009-05-21-09:32

(/usr/local/texlive/2011/texmf-dist/tex/generic/tex4ht/html4.4ht
version 2009-05-18-23:01
)
(/usr/local/texlive/2011/texmf-dist/tex/generic/tex4ht/html4-math.4ht
version 2009-05-18-23:01
))
(/usr/local/texlive/2011/texmf-dist/tex/generic/tex4ht/pstricks.4ht
version 2009-05-21-09:32

(/usr/local/texlive/2011/texmf-dist/tex/generic/tex4ht/html4.4ht
version 2009-05-18-23:01
)
(/usr/local/texlive/2011/texmf-dist/tex/generic/tex4ht/html4-math.4ht
version 2009-05-18-23:01
))
(/usr/local/texlive/2011/texmf-dist/tex/generic/tex4ht/makeidx.4ht
version 2009-05-21-09:32

(/usr/local/texlive/2011/texmf-dist/tex/generic/tex4ht/html4.4ht
version 2009-05-18-23:01
)
(/usr/local/texlive/2011/texmf-dist/tex/generic/tex4ht/html4-math.4ht
version 2009-05-18-23:01
))
(/usr/local/texlive/2011/texmf-dist/tex/generic/tex4ht/hyperref.4ht
version 2011-01-30-16:01

(/usr/local/texlive/2011/texmf-dist/tex/latex/hyperref/nameref.sty
Package: nameref 2010/04/30 v2.40 Cross-referencing by name of section

(/usr/local/texlive/2011/texmf-dist/tex/generic/oberdiek/gettitlestring.sty
Package: gettitlestring 2010/12/03 v1.4 Cleanup title references (HO)
)
\c@section@level=\count139
)
(/usr/local/texlive/2011/texmf-dist/tex/generic/tex4ht/nameref.4ht
version 2010-09-04-21:02

(/usr/local/texlive/2011/texmf-dist/tex/generic/tex4ht/html4.4ht
version 2009-05-18-23:01
)
(/usr/local/texlive/2011/texmf-dist/tex/generic/tex4ht/html4-math.4ht
version 2009-05-18-23:01
))
LaTeX Info: Redefining \autoref on input line 100.
\Hy@SectionHShift=\skip49

(/usr/local/texlive/2011/texmf-dist/tex/generic/tex4ht/html4.4ht
version 2009-05-18-23:01
)
(/usr/local/texlive/2011/texmf-dist/tex/generic/tex4ht/html4-math.4ht
version 2009-05-18-23:01
))
(/usr/local/texlive/2011/texmf-dist/tex/generic/tex4ht/pd1enc.4ht
version 2009-05-21-09:32

(/usr/local/texlive/2011/texmf-dist/tex/generic/tex4ht/html4.4ht
version 2009-05-18-23:01
)
(/usr/local/texlive/2011/texmf-dist/tex/generic/tex4ht/html4-math.4ht
version 2009-05-18-23:01
))
(/usr/local/texlive/2011/texmf-dist/tex/generic/tex4ht/url.4ht
version 2009-05-21-09:32

(/usr/local/texlive/2011/texmf-dist/tex/generic/tex4ht/html4.4ht
version 2009-05-18-23:01
--------------------------------------
--- Note --- for URL encoding within href use the command line option `url-enc'

--------------------------------------
)
(/usr/local/texlive/2011/texmf-dist/tex/generic/tex4ht/html4-math.4ht
version 2009-05-18-23:01
))
(/usr/local/texlive/2011/texmf-dist/tex/generic/tex4ht/th4.4ht
version 2009-05-21-09:32
--------------------------------------
--- Note --- for javascript support, use the command line option `javascript'
--------------------------------------
--------------------------------------
--- Note --- for java support, use the command line option `java'
--------------------------------------
--------------------------------------
--- Note --- for image maps support, use the command line option `image-maps'
--------------------------------------
--------------------------------------
--- Note --- for frames support, use the command line option `frames-' or `fram
es'
--------------------------------------

(/usr/local/texlive/2011/texmf-dist/tex/generic/tex4ht/html4.4ht
version 2009-05-18-23:01
)
(/usr/local/texlive/2011/texmf-dist/tex/generic/tex4ht/html4-math.4ht
version 2009-05-18-23:01
))
(/usr/local/texlive/2011/texmf-dist/tex/generic/tex4ht/html4.4ht
version 2009-05-18-23:01
)
(/usr/local/texlive/2011/texmf-dist/tex/generic/tex4ht/html4-math.4ht
version 2009-05-18-23:01
))
(./QubistHTML.aux)
\openout1 = `QubistHTML.aux'.

LaTeX Font Info:    Checking defaults for OML/cmm/m/it on input line 145.
LaTeX Font Info:    ... okay on input line 145.
LaTeX Font Info:    Checking defaults for T1/cmr/m/n on input line 145.
LaTeX Font Info:    ... okay on input line 145.
LaTeX Font Info:    Checking defaults for OT1/cmr/m/n on input line 145.
LaTeX Font Info:    ... okay on input line 145.
LaTeX Font Info:    Checking defaults for OMS/cmsy/m/n on input line 145.
LaTeX Font Info:    ... okay on input line 145.
LaTeX Font Info:    Checking defaults for OMX/cmex/m/n on input line 145.
LaTeX Font Info:    ... okay on input line 145.
LaTeX Font Info:    Checking defaults for U/cmr/m/n on input line 145.
LaTeX Font Info:    ... okay on input line 145.
LaTeX Font Info:    Checking defaults for PD1/pdf/m/n on input line 145.
LaTeX Font Info:    ... okay on input line 145.

*geometry* driver: auto-detecting
*geometry* detected driver: dvips
*geometry* verbose mode - [ preamble ] result:
* driver: dvips
* paper: <default>
* layout: <same size as paper>
* layoutoffset:(h,v)=(0.0pt,0.0pt)
* modes: twoside 
* h-part:(L,W,R)=(72.26999pt, 469.75502pt, 72.26999pt)
* v-part:(T,H,B)=(108.405pt, 578.15999pt, 108.405pt)
* \paperwidth=614.295pt
* \paperheight=794.96999pt
* \textwidth=469.75502pt
* \textheight=578.15999pt
* \oddsidemargin=0.0pt
* \evensidemargin=0.0pt
* \topmargin=6.06752pt
* \headheight=12.0pt
* \headsep=18.06749pt
* \topskip=10.0pt
* \footskip=25.29494pt
* \marginparwidth=36.135pt
* \marginparsep=7.0pt
* \columnsep=10.0pt
* \skip\footins=9.0pt plus 4.0pt minus 2.0pt
* \hoffset=0.0pt
* \voffset=0.0pt
* \mag=1000
* \@twocolumnfalse
* \@twosidetrue
* \@mparswitchtrue
* \@reversemarginfalse
* (1in=72.27pt=25.4mm, 1cm=28.453pt)

\AtBeginShipoutBox=\box35
Package hyperref Info: Link coloring ON on input line 145.
LaTeX Info: Redefining \ref on input line 145.
LaTeX Info: Redefining \pageref on input line 145.
LaTeX Info: Redefining \nameref on input line 145.
--- file QubistHTML.css ---
--- file QubistHTML2.html ---
(./QubistHTML.4ct [1

] [2] [3]) [4]
--- file QubistHTML3.html ---
 [1

] [2

] [3]

LaTeX Font Warning: Font shape `OT1/cmr/m/sc' in size <36> not available
(Font)              size <24.88> substituted on input line 162.


LaTeX Font Warning: Font shape `OT1/cmr/m/n' in size <36> not available
(Font)              size <24.88> substituted on input line 162.


LaTeX Font Warning: Font shape `OT1/cmr/bx/n' in size <36> not available
(Font)              size <24.88> substituted on input line 162.

l.164 --- TeX4ht warning --- Cannot determine size of graphic in QubistSplash.p
ng (no BoundingBox) ---
l. 164 --- needs --- QubistSplash.png ---
LaTeX Font Info:    Try loading font information for OMS+cmr on input line 168.

(/usr/local/texlive/2011/texmf-dist/tex/latex/base/omscmr.fd
File: omscmr.fd 1999/05/25 v2.5h Standard LaTeX font definitions
)
LaTeX Font Info:    Font shape `OMS/cmr/m/n' in size <12> not available
(Font)              Font shape `OMS/cmsy/m/n' tried instead on input line 168.
 [1]
LaTeX Font Info:    Font shape `OMS/cmr/m/n' in size <10> not available
(Font)              Font shape `OMS/cmsy/m/n' tried instead on input line 183.
 [2] [3]
[4

]
Chapter 1.
--- file QubistHTMLch1.html ---
---------------------------------------------------------
l.222 --- TeX4ht warning --- If not done so, the index is to be processed by 
  tex '\def\filename{{QubistHTML}{idx}{4dx}{ind}} \input  idxmake.4ht' 
  makeindex -o QubistHTML.ind QubistHTML.4dx 
instead of 
  makeindex -o QubistHTML.ind QubistHTML.idx 
On some platforms, the quotation marks ' should be 
 replaced by double quotation marks " or eliminated. 
---------------------------------------------------------  ---
LaTeX Font Info:    Try loading font information for U+msa on input line 231.
(/usr/local/texlive/2011/texmf-dist/tex/latex/amsfonts/umsa.fd
File: umsa.fd 2009/06/22 v3.00 AMS symbols A
)
LaTeX Font Info:    Try loading font information for U+msb on input line 231.

(/usr/local/texlive/2011/texmf-dist/tex/latex/amsfonts/umsb.fd
File: umsb.fd 2009/06/22 v3.00 AMS symbols B
) [1] [2]
[3] (./QubistHTML.4ct) [4]
--- file QubistHTML5.html ---
 [5

] [6] [7] [8

]
Chapter 2.
--- file QubistHTMLch2.html ---
[9

] (./QubistHTML.4ct)
--- file QubistHTMLse1.html ---
 [10] [11] [12] [13]
--- file QubistHTMLse2.html ---
 [14

] [15] [16] [17] [18] [19]
[20] [21] [22] [23] [24] [25] [26] [27] [28] [29] [30] [31] [32] [33] [34]
[35] [36] [37] [38]
l. 479 Writing QubistHTML.idv[1] (QubistHTML0x.png)
l. 487 Writing QubistHTML.idv[2] (QubistHTML1x.png)
 [39] [40

]
l.495 --- TeX4ht warning --- Cannot determine size of graphic in figures/scalar
izationExample/k0.png (no BoundingBox) ---
l. 495 --- needs --- figures/scalarizationExample/k0.png ---
l.496 --- TeX4ht warning --- Cannot determine size of graphic in figures/scalar
izationExample/k1.png (no BoundingBox) ---
l. 496 --- needs --- figures/scalarizationExample/k1.png ---
l.497 --- TeX4ht warning --- Cannot determine size of graphic in figures/scalar
izationExample/k2.png (no BoundingBox) ---
l. 497 --- needs --- figures/scalarizationExample/k2.png ---
[41

]
--- file QubistHTML9.html ---
 [42


] [43]
--- file QubistHTML10.html ---
 [44

]
Missing character: There is no Õ in font cmr10!
 [45] [46] [47] [48] [49] [50]
--- file QubistHTML11.html ---
 [51

] [52]
--- file QubistHTMLse3.html ---
--- file QubistHTML13.html ---
 [53


] [54]
--- file QubistHTMLse4.html ---
 [55

]
[56]
--- file QubistHTMLse5.html ---
l. 737 Writing QubistHTML.idv[3] (QubistHTML2x.png)
 [57

] [58] [59]
--- file QubistHTMLse6.html ---
 [60

]
--- file QubistHTMLse7.html ---
 [61

] [62] [63] [64]
--- file QubistHTMLse8.html ---
 [65

] [66] [67] [68] [69

] [70

]
Chapter 3.
--- file QubistHTMLch3.html ---

Overfull \hbox (11469.88199pt too wide) in paragraph at lines 905--905
[][][][][][][][][][][][][][][][][][][][][][][][][][][][][][][][][][][][][][][][
][][][][][][][][][][][][][][][][][][] 
 []


Overfull \hbox (13396.61519pt too wide) in paragraph at lines 961--961
[][][][][][][][][][][][][][][][][][][][][][][][][][][][][][][][][][][][][][][][
][][][][][][][][][][] 
 []

[71

]
l. 1007 Writing QubistHTML.idv[4] (QubistHTML3x.png)
 (./QubistHTML.4ct)
--- file QubistHTMLse9.html ---
 [72] [73

]
l.1037 --- TeX4ht warning --- Cannot determine size of graphic in figures/EULA.
png (no BoundingBox) ---
l. 1037 --- needs --- figures/EULA.png ---
[74

] [75

] [76

]
l.1048 --- TeX4ht warning --- Cannot determine size of graphic in figures/Qubis
tLaunchError.png (no BoundingBox) ---
l. 1048 --- needs --- figures/QubistLaunchError.png ---
[77

] [78

]
--- file QubistHTMLse10.html ---
 [79

] [80] [81

]
l.1141 --- TeX4ht warning --- Cannot determine size of graphic in figures/compo
nentSelector.png (no BoundingBox) ---
l. 1141 --- needs --- figures/componentSelector.png ---
[82

] [83

] [84

] [85

] [86

]
Chapter 4.
--- file QubistHTMLch4.html ---
[87] (./QubistHTML.4ct [88])
--- file QubistHTMLse11.html ---
 [89] [90] [91] [92] [93] [94

]
l.1192 --- TeX4ht warning --- Cannot determine size of graphic in figures/flowc
hart.png (no BoundingBox) ---
l. 1192 --- needs --- figures/flowchart.png ---
[95

] [96

] [97] [98] [99] [100] [101] [102] [103] [104] [105] [106] [107]
[108]
--- file QubistHTML24.html ---
 [109

]
--- file QubistHTML25.html ---
 [110] [111] [112] [113] [114]
--- file QubistHTMLse12.html ---
 [115

] [116

]
l.1268 --- TeX4ht warning --- Cannot determine size of graphic in figures/Ferre
t/FerretConsoleWindow1.png (no BoundingBox) ---
l. 1268 --- needs --- figures/Ferret/FerretConsoleWindow1.png ---
[117

] [118

] [119

]
l.1281 --- TeX4ht warning --- Cannot determine size of graphic in figures/Ferre
t/FerretConsoleWindow1_noGraphics.png (no BoundingBox) ---
l. 1281 --- needs --- figures/Ferret/FerretConsoleWindow1_noGraphics.png ---
[120

] [121

]
--- file QubistHTMLse13.html ---
 [122

] [123] [124] [125] [126] [127] [128] [129] [130] [131]
[132] [133] [134] [135] [136] [137] [138] [139] [140] [141] [142] [143]
l.1327 --- TeX4ht warning --- Cannot determine size of graphic in figures/Ferre
t/LoadInit.png (no BoundingBox) ---
l. 1327 --- needs --- figures/Ferret/LoadInit.png ---
[144] [145

]
l.1335 --- TeX4ht warning --- Cannot determine size of graphic in figures/Ferre
t/WindowFocus.png (no BoundingBox) ---
l. 1335 --- needs --- figures/Ferret/WindowFocus.png ---
[146

] [147

] [148

]
l.1343 --- TeX4ht warning --- Cannot determine size of graphic in figures/Ferre
t/AnalyzeDialog.png (no BoundingBox) ---
l. 1343 --- needs --- figures/Ferret/AnalyzeDialog.png ---
[149

] [150

] [151

]
l.1351 --- TeX4ht warning --- Cannot determine size of graphic in figures/Ferre
t/SpiralAnalysis1.png (no BoundingBox) ---
l. 1351 --- needs --- figures/Ferret/SpiralAnalysis1.png ---
[152

] [153

]
--- file QubistHTMLse14.html ---
 [154

]
LaTeX Font Info:    Try loading font information for OMS+cmtt on input line 146
8.
LaTeX Font Info:    No file OMScmtt.fd. on input line 1468.


LaTeX Font Warning: Font shape `OMS/cmtt/m/n' undefined
(Font)              using `OMS/cmsy/m/n' instead
(Font)              for symbol `textbraceleft' on input line 1468.

[155

] [156]
--- file QubistHTMLse15.html ---
 [157

] [158] [159] [160]
--- file QubistHTMLse16.html ---
--- file QubistHTML31.html ---
 [161


] [162] [163] [164] [165]
Overfull \hbox (8307.53496pt too wide) in paragraph at lines 1609--1609
[][][][][][][][][][][][][][][][][][][][][][][][][][][][][][][][][][][][][][][][
][][][][][][][][] 
 []

[166] [167] [168]
--- file QubistHTMLse17.html ---
 [169

] [170

]
l.1741 --- TeX4ht warning --- Cannot determine size of graphic in figures/Ferre
t/FerretSetup.png (no BoundingBox) ---
l. 1741 --- needs --- figures/Ferret/FerretSetup.png ---
l.1742 --- TeX4ht warning --- Cannot determine size of graphic in figures/Ferre
t/FerretSetupML.png (no BoundingBox) ---
l. 1742 --- needs --- figures/Ferret/FerretSetupML.png ---
[171

] [172

]
--- file QubistHTMLse18.html ---
 [173

] [174]
l. 1873 Writing QubistHTML.idv[5] (QubistHTML4x.png)
 [175] [176]
--- file QubistHTMLse19.html ---
--- file QubistHTML35.html ---

Overfull \hbox (11900.37823pt too wide) in paragraph at lines 2001--2001
[][][][][][][][][][][][][][][][][][][][][][][][][][][][][][][][][][][][][][][][
][][][][][][][][] 
 []

[177


] [178] [179] [180] [181] [182] [183] [184] [185] [186] [187] [188]
[189]
--- file QubistHTMLse20.html ---
 [190

] [191]
--- file QubistHTMLse21.html ---
 [192

]
--- file QubistHTMLse22.html ---
--- file QubistHTML39.html ---
 [193

] [194] [195] [196] [197] [198] [199] [200]
[201] [202] [203] [204] [205] [206] [207] [208] [209] [210]
--- file QubistHTMLse23.html ---
 [211

] [212

]
l.2301 --- TeX4ht warning --- Cannot determine size of graphic in figures/Ferre
t/movieDialogue.png (no BoundingBox) ---
l. 2301 --- needs --- figures/Ferret/movieDialogue.png ---
[213

] [214

] [215] [216] [217]
--- file QubistHTMLse24.html ---
 [218

]
l. 2411 Writing QubistHTML.idv[6] (QubistHTML5x.png)
l. 2498 Writing QubistHTML.idv[7] (QubistHTML6x.png)
 [219] [220] [221] [222] [223] [224]
[225] [226] [227]
--- file QubistHTMLse25.html ---
 [228

] [229]
--- file QubistHTMLse26.html ---
 [230

] [231] [232

]
l.2639 --- TeX4ht warning --- Cannot determine size of graphic in figures/Ferre
t/dataDirError.png (no BoundingBox) ---
l. 2639 --- needs --- figures/Ferret/dataDirError.png ---
[233

] [234

] [235] [236] [237] [238] [239] [240] [241] [242] [243] [244]
[245] [246] [247] [248] [249]
l. 2704 Writing QubistHTML.idv[8] (QubistHTML7x.png)
 [250]
--- file QubistHTML44.html ---
 [251

]
Overfull \hbox (13060.61812pt too wide) in paragraph at lines 2778--2778
[][][][][][][][][][][][][][][][][][][][][][][][][][][][][][][][][][][][][][][][
][][][][][][][][][] 
 []

[252]
--- file QubistHTMLse27.html ---
 [253

] [254

]
l.2806 --- TeX4ht warning --- Cannot determine size of graphic in figures/Ferre
t/resumeRun.png (no BoundingBox) ---
l. 2806 --- needs --- figures/Ferret/resumeRun.png ---
[255

] [256

] [257] [258]
--- file QubistHTMLse28.html ---

Overfull \hbox (16373.33923pt too wide) in paragraph at lines 2890--2890
[][][][][][][][][][][][][][][][][][][][][][][][][][][][][][][][][][][][][][][][
][][][][][][][][][][][][][] 
 []

[259

] [260]
--- file QubistHTMLse29.html ---
 [261

] [262]
--- file QubistHTMLse30.html ---
 [263

] [264] [265

] [266

]
Chapter 5.
--- file QubistHTMLch5.html ---
[267

] (./QubistHTML.4ct)
--- file QubistHTMLse31.html ---
 [268] [269]
l. 3210 Writing QubistHTML.idv[9] (QubistHTML8x.png)
l. 3210 Writing QubistHTML.idv[10] (QubistHTML9x.png)

Overfull \hbox (8244.52182pt too wide) in paragraph at lines 3210--3210
[][][][][][][][][][][][][][][][][][][][][][][][][][][][][][][][][][][][][][][][
][][] 
 []

[270] [271

] [272] [273] [274] [275

]
l. 3231 Writing QubistHTML.idv[11] (QubistHTML10x.png)
 [276

]
l. 3250 Writing QubistHTML.idv[12] (QubistHTML11x.png)
 [277

] [278]
--- file QubistHTMLse32.html ---
 [279

] [280

]
l.3319 --- TeX4ht warning --- Cannot determine size of graphic in figures/Ferre
t/binary_new/Binary1Console.png (no BoundingBox) ---
l. 3319 --- needs --- figures/Ferret/binary_new/Binary1Console.png ---
[281

] [282

] [283] [284] [285] [286] [287] [288] [289] [290] [291] [292]
[293] [294]
l.3338 --- TeX4ht warning --- Cannot determine size of graphic in figures/Ferre
t/binary_new/Binary_M1M2.png (no BoundingBox) ---
l. 3338 --- needs --- figures/Ferret/binary_new/Binary_M1M2.png ---
l.3339 --- TeX4ht warning --- Cannot determine size of graphic in figures/Ferre
t/binary_new/BinaryLM.png (no BoundingBox) ---
l. 3339 --- needs --- figures/Ferret/binary_new/BinaryLM.png ---
l.3340 --- TeX4ht warning --- Cannot determine size of graphic in figures/Ferre
t/binary_new/BinaryCPD.png (no BoundingBox) ---
l. 3340 --- needs --- figures/Ferret/binary_new/BinaryCPD.png ---
l.3341 --- TeX4ht warning --- Cannot determine size of graphic in figures/Ferre
t/binary_new/BinaryUserPlot.png (no BoundingBox) ---
l. 3341 --- needs --- figures/Ferret/binary_new/BinaryUserPlot.png ---
[295] [296] [297] [298] [299] [300] [301] [302] [303] [304] [305] [306

]
l.3382 --- TeX4ht warning --- Cannot determine size of graphic in figures/Ferre
t/binary_new/Binary_sini_M1_b_zoom.png (no BoundingBox) ---
l. 3382 --- needs --- figures/Ferret/binary_new/Binary_sini_M1_b_zoom.png ---
l.3383 --- TeX4ht warning --- Cannot determine size of graphic in figures/Ferre
t/binary_new/Binary_sini_M1_c_zoom.png (no BoundingBox) ---
l. 3383 --- needs --- figures/Ferret/binary_new/Binary_sini_M1_c_zoom.png ---
l.3386 --- TeX4ht warning --- Cannot determine size of graphic in figures/Ferre
t/binary_new/Binary_sini_M1_d_zoom.png (no BoundingBox) ---
l. 3386 --- needs --- figures/Ferret/binary_new/Binary_sini_M1_d_zoom.png ---
l.3387 --- TeX4ht warning --- Cannot determine size of graphic in figures/Ferre
t/binary_new/Binary3D.png (no BoundingBox) ---
l. 3387 --- needs --- figures/Ferret/binary_new/Binary3D.png ---
[307

] [308

] [309

]
l.3399 --- TeX4ht warning --- Cannot determine size of graphic in figures/Ferre
t/binary_new/Binary_phi_e.png (no BoundingBox) ---
l. 3399 --- needs --- figures/Ferret/binary_new/Binary_phi_e.png ---
l.3400 --- TeX4ht warning --- Cannot determine size of graphic in figures/Ferre
t/binary_new/Binary_sini_a.png (no BoundingBox) ---
l. 3400 --- needs --- figures/Ferret/binary_new/Binary_sini_a.png ---
l.3403 --- TeX4ht warning --- Cannot determine size of graphic in figures/Ferre
t/binary_new/Binary_a_M1.png (no BoundingBox) ---
l. 3403 --- needs --- figures/Ferret/binary_new/Binary_a_M1.png ---
l.3404 --- TeX4ht warning --- Cannot determine size of graphic in figures/Ferre
t/binary_new/Binary_a_M2.png (no BoundingBox) ---
l. 3404 --- needs --- figures/Ferret/binary_new/Binary_a_M2.png ---
[310

]
l. 3419 Writing QubistHTML.idv[13] (QubistHTML12x.png)
l. 3423 Writing QubistHTML.idv[14] (QubistHTML13x.png)
 [311

]
l. 3428 Writing QubistHTML.idv[15] (QubistHTML14x.png)
l. 3432 Writing QubistHTML.idv[16] (QubistHTML15x.png)
 [312] [313

]
l.3439 --- TeX4ht warning --- Cannot determine size of graphic in figures/Ferre
t/binary_new/q1q2.png (no BoundingBox) ---
l. 3439 --- needs --- figures/Ferret/binary_new/q1q2.png ---
l.3440 --- TeX4ht warning --- Cannot determine size of graphic in figures/Ferre
t/binary_new/q2q3.png (no BoundingBox) ---
l. 3440 --- needs --- figures/Ferret/binary_new/q2q3.png ---
l.3441 --- TeX4ht warning --- Cannot determine size of graphic in figures/Ferre
t/binary_new/q3q1.png (no BoundingBox) ---
l. 3441 --- needs --- figures/Ferret/binary_new/q3q1.png ---
[314

]
l. 3448 Writing QubistHTML.idv[17] (QubistHTML16x.png)
l. 3460 Writing QubistHTML.idv[18] (QubistHTML17x.png)
 [315

]
l. 3464 Writing QubistHTML.idv[19] (QubistHTML18x.png)
l. 3468 Writing QubistHTML.idv[20] (QubistHTML19x.png)
l. 3472 Writing QubistHTML.idv[21] (QubistHTML20x.png)
 [316]
l. 3476 Writing QubistHTML.idv[22] (QubistHTML21x.png)
 [317]
--- file QubistHTMLse33.html ---
 [318

]
--- file QubistHTMLse34.html ---
 [319

] [320

]
l.3556 --- TeX4ht warning --- Cannot determine size of graphic in figures/Ferre
t/imageOptions.png (no BoundingBox) ---
l. 3556 --- needs --- figures/Ferret/imageOptions.png ---
[321

] [322

] [323] [324] [325] [326] [327] [328] [329] [330] [331]
--- file QubistHTMLse35.html ---
 [332

]
[333

]
l.3623 --- TeX4ht warning --- Cannot determine size of graphic in figures/Ferre
t/binary_new/BinaryPainted1.png (no BoundingBox) ---
l. 3623 --- needs --- figures/Ferret/binary_new/BinaryPainted1.png ---
l.3624 --- TeX4ht warning --- Cannot determine size of graphic in figures/Ferre
t/binary_new/BinaryPaintedList.png (no BoundingBox) ---
l. 3624 --- needs --- figures/Ferret/binary_new/BinaryPaintedList.png ---
[334

] [335

] [336

]
l.3634 --- TeX4ht warning --- Cannot determine size of graphic in figures/Ferre
t/binary_new/BinaryPainted2.png (no BoundingBox) ---
l. 3634 --- needs --- figures/Ferret/binary_new/BinaryPainted2.png ---
l.3635 --- TeX4ht warning --- Cannot determine size of graphic in figures/Ferre
t/binary_new/BinaryPainted3.png (no BoundingBox) ---
l. 3635 --- needs --- figures/Ferret/binary_new/BinaryPainted3.png ---
[337

] [338

]
--- file QubistHTMLse36.html ---
 [339

] [340

]
l.3685 --- TeX4ht warning --- Cannot determine size of graphic in figures/Ferre
t/setAnalysisTolerances.png (no BoundingBox) ---
l. 3685 --- needs --- figures/Ferret/setAnalysisTolerances.png ---
[341

] [342

] [343

] [344

]
Chapter 6.
--- file QubistHTMLch6.html ---
[345

] (./QubistHTML.4ct)
--- file QubistHTMLse37.html ---
 [346] [347] [348] [349] [350] [351

]
l.3754 --- TeX4ht warning --- Cannot determine size of graphic in figures/Ferre
t/benchmark.png (no BoundingBox) ---
l. 3754 --- needs --- figures/Ferret/benchmark.png ---
l.3755 --- TeX4ht warning --- Cannot determine size of graphic in figures/Ferre
t/benchmark2.png (no BoundingBox) ---
l. 3755 --- needs --- figures/Ferret/benchmark2.png ---
[352

] [353

]
--- file QubistHTMLse38.html ---
 [354

] [355

]
l.3771 --- TeX4ht warning --- Cannot determine size of graphic in figures/Qubis
tNodeManager/QubistNodeManager.png (no BoundingBox) ---
l. 3771 --- needs --- figures/QubistNodeManager/QubistNodeManager.png ---
[356

]
--- file QubistHTML59.html ---
 [357


] [358]
--- file QubistHTML60.html ---
 [359] [360] [361] [362] [363] [364]
--- file QubistHTMLse39.html ---
 [365

]
--- file QubistHTMLse40.html ---
 [366

] [367]
[368] [369] [370

] [371

] [372

]
Chapter 7.
--- file QubistHTMLch7.html ---
[373] (./QubistHTML.4ct)
--- file QubistHTMLse41.html ---
 [374] [375] [376

]
l.3941 --- TeX4ht warning --- Cannot determine size of graphic in figures/Ferre
t/strategyAutoAdapt.png (no BoundingBox) ---
l. 3941 --- needs --- figures/Ferret/strategyAutoAdapt.png ---
[377

] [378

]
--- file QubistHTMLse42.html ---
 [379

] [380

]
l.3964 --- TeX4ht warning --- Cannot determine size of graphic in figures/Ferre
t/modifyPar2.png (no BoundingBox) ---
l. 3964 --- needs --- figures/Ferret/modifyPar2.png ---
l.3965 --- TeX4ht warning --- Cannot determine size of graphic in figures/Ferre
t/modifyPar1.png (no BoundingBox) ---
l. 3965 --- needs --- figures/Ferret/modifyPar1.png ---
[381

] [382

]
--- file QubistHTMLse43.html ---
 [383

] [384

] [385

] [386

]
Chapter 8.
--- file QubistHTMLch8.html ---
[387] [388] (./QubistHTML.4ct [389])
--- file QubistHTMLse44.html ---
l. 4056 Writing QubistHTML.idv[23] (QubistHTML22x.png)
 [390]
--- file QubistHTMLse45.html ---
l. 4084 Writing QubistHTML.idv[24] (QubistHTML23x.png)
l. 4084 Writing QubistHTML.idv[25] (QubistHTML24x.png)
--- file QubistHTML70.html ---
 [391

] [392

]
--- file QubistHTMLse46.html ---
l. 4130 Writing QubistHTML.idv[26] (QubistHTML25x.png)
l. 4130 Writing QubistHTML.idv[27] (QubistHTML26x.png)
l. 4130 Writing QubistHTML.idv[28] (QubistHTML27x.png)
l. 4130 Writing QubistHTML.idv[29] (QubistHTML28x.png)
l. 4130 Writing QubistHTML.idv[30] (QubistHTML29x.png)
 [393

] [394] [395]
l. 4197 Writing QubistHTML.idv[31] (QubistHTML30x.png)

[396] [397]
--- file QubistHTMLse47.html ---
 [398

] [399] [400] [401] [402] [403] [404] [405]
--- file QubistHTMLse48.html ---
l. 4279 Writing QubistHTML.idv[32] (QubistHTML31x.png)
l. 4279 Writing QubistHTML.idv[33] (QubistHTML32x.png)
l. 4279 Writing QubistHTML.idv[34] (QubistHTML33x.png)
l. 4284 Writing QubistHTML.idv[35] (QubistHTML34x.png)
 [406

] [407]
--- file QubistHTMLse49.html ---
l. 4328 Writing QubistHTML.idv[36] (QubistHTML35x.png)
l. 4328 Writing QubistHTML.idv[37] (QubistHTML36x.png)
l. 4328 Writing QubistHTML.idv[38] (QubistHTML37x.png)
l. 4328 Writing QubistHTML.idv[39] (QubistHTML38x.png)
l. 4328 Writing QubistHTML.idv[40] (QubistHTML39x.png)

[408

] [409] [410] [411] [412] [413]
--- file QubistHTML75.html ---
 [414

] [415] [416]
--- file QubistHTMLse50.html ---
l. 4381 Writing QubistHTML.idv[41] (QubistHTML40x.png)
l. 4381 Writing QubistHTML.idv[42] (QubistHTML41x.png)
 [417

] [418]
--- file QubistHTMLse51.html ---
l. 4439 Writing QubistHTML.idv[43] (QubistHTML42x.png)
l. 4439 Writing QubistHTML.idv[44] (QubistHTML43x.png)
l. 4439 Writing QubistHTML.idv[45] (QubistHTML44x.png)
 [419

]
[420] [421] [422] [423] [424] [425]
--- file QubistHTMLse52.html ---
l. 4552 Writing QubistHTML.idv[46] (QubistHTML45x.png)
l. 4552 Writing QubistHTML.idv[47] (QubistHTML46x.png)
l. 4552 Writing QubistHTML.idv[48] (QubistHTML47x.png)
l. 4552 Writing QubistHTML.idv[49] (QubistHTML48x.png)
l. 4552 Writing QubistHTML.idv[50] (QubistHTML49x.png)
l. 4552 Writing QubistHTML.idv[51] (QubistHTML50x.png)
l. 4552 Writing QubistHTML.idv[52] (QubistHTML51x.png)
 [426

] [427]
l. 4577 Writing QubistHTML.idv[53] (QubistHTML52x.png)
 [428] [429] [430

]
l.4585 --- TeX4ht warning --- Cannot determine size of graphic in figures/Ferre
t/sigmaShare.png (no BoundingBox) ---
l. 4585 --- needs --- figures/Ferret/sigmaShare.png ---
[431

]
l. 4597 Writing QubistHTML.idv[54] (QubistHTML53x.png)
 [432

] [433

]
l.4604 --- TeX4ht warning --- Cannot determine size of graphic in figures/Ferre
t/powerLaw.png (no BoundingBox) ---
l. 4604 --- needs --- figures/Ferret/powerLaw.png ---
[434

] [435

] [436]
--- file QubistHTMLse53.html ---
l. 4651 Writing QubistHTML.idv[55] (QubistHTML54x.png)
l. 4651 Writing QubistHTML.idv[56] (QubistHTML55x.png)
 [437

] [438

] [439

] [440

]
--- file QubistHTMLse54.html ---
l. 4691 Writing QubistHTML.idv[57] (QubistHTML56x.png)
 [441

]
--- file QubistHTMLse55.html ---
 [442

] [443]
--- file QubistHTMLse56.html ---
l. 4767 Writing QubistHTML.idv[58] (QubistHTML57x.png)
l. 4767 Writing QubistHTML.idv[59] (QubistHTML58x.png)
l. 4767 Writing QubistHTML.idv[60] (QubistHTML59x.png)
l. 4767 Writing QubistHTML.idv[61] (QubistHTML60x.png)
l. 4767 Writing QubistHTML.idv[62] (QubistHTML61x.png)
l. 4767 Writing QubistHTML.idv[63] (QubistHTML62x.png)
l. 4767 Writing QubistHTML.idv[64] (QubistHTML63x.png)
l. 4767 Writing QubistHTML.idv[65] (QubistHTML64x.png)
l. 4767 Writing QubistHTML.idv[66] (QubistHTML65x.png)

Overfull \hbox (8897.1564pt too wide) in paragraph at lines 4767--4767
[][][][][][][][][][][][][][][][][][][][][][][][][][][][][][][][] 
 []

[444

]
--- file QubistHTML83.html ---
 [445

] [446] [447] [448]
--- file QubistHTMLse57.html ---
 [449

] [450]
--- file QubistHTMLse58.html ---
l. 4900 Writing QubistHTML.idv[67] (QubistHTML66x.png)
l. 4903 Writing QubistHTML.idv[68] (QubistHTML67x.png)
 [451

]
--- file QubistHTMLse59.html ---
l. 4934 Writing QubistHTML.idv[69] (QubistHTML68x.png)
l. 4934 Writing QubistHTML.idv[70] (QubistHTML69x.png)
l. 4934 Writing QubistHTML.idv[71] (QubistHTML70x.png)
l. 4934 Writing QubistHTML.idv[72] (QubistHTML71x.png)
 [452

] [453] [454]
--- file QubistHTML87.html ---
 [455]
[456] [457] [458] [459] [460]
--- file QubistHTMLse60.html ---
l. 5039 Writing QubistHTML.idv[73] (QubistHTML72x.png)
l. 5039 Writing QubistHTML.idv[74] (QubistHTML73x.png)
l. 5039 Writing QubistHTML.idv[75] (QubistHTML74x.png)
l. 5039 Writing QubistHTML.idv[76] (QubistHTML75x.png)
l. 5039 Writing QubistHTML.idv[77] (QubistHTML76x.png)
l. 5039 Writing QubistHTML.idv[78] (QubistHTML77x.png)
l. 5039 Writing QubistHTML.idv[79] (QubistHTML78x.png)
l. 5039 Writing QubistHTML.idv[80] (QubistHTML79x.png)
l. 5039 Writing QubistHTML.idv[81] (QubistHTML80x.png)
l. 5039 Writing QubistHTML.idv[82] (QubistHTML81x.png)
l. 5039 Writing QubistHTML.idv[83] (QubistHTML82x.png)
l. 5039 Writing QubistHTML.idv[84] (QubistHTML83x.png)
l. 5039 Writing QubistHTML.idv[85] (QubistHTML84x.png)
l. 5039 Writing QubistHTML.idv[86] (QubistHTML85x.png)
l. 5039 Writing QubistHTML.idv[87] (QubistHTML86x.png)
l. 5039 Writing QubistHTML.idv[88] (QubistHTML87x.png)
l. 5039 Writing QubistHTML.idv[89] (QubistHTML88x.png)
l. 5039 Writing QubistHTML.idv[90] (QubistHTML89x.png)
l. 5039 Writing QubistHTML.idv[91] (QubistHTML90x.png)
l. 5039 Writing QubistHTML.idv[92] (QubistHTML91x.png)

Overfull \hbox (12294.15698pt too wide) in paragraph at lines 5039--5039
[][][][][][][][][][][][][][][][][][][][][][][][][][][][][][][][][][][][][][][][
][][] 
 []

[461

] [462] [463] [464] [465] [466]
--- file QubistHTMLse61.html ---
l. 5099 Writing QubistHTML.idv[93] (QubistHTML92x.png)
l. 5099 Writing QubistHTML.idv[94] (QubistHTML93x.png)
l. 5099 Writing QubistHTML.idv[95] (QubistHTML94x.png)
 [467

] [468] [469]
--- file QubistHTMLse62.html ---
 [470

]
--- file QubistHTMLse63.html ---
l. 5237 Writing QubistHTML.idv[96] (QubistHTML95x.png)
l. 5237 Writing QubistHTML.idv[97] (QubistHTML96x.png)
 [471

] [472]
[473

] [474

]
Chapter 9.
--- file QubistHTMLch9.html ---
(./QubistHTML.4ct [475

])
--- file QubistHTMLse64.html ---
 [476] [477]
--- file QubistHTMLse65.html ---
 [478

] [479

]
l.5305 --- TeX4ht warning --- Cannot determine size of graphic in figures/SAMOS
A/SAMOSA_window.png (no BoundingBox) ---
l. 5305 --- needs --- figures/SAMOSA/SAMOSA_window.png ---
[480

] [481

] [482] [483] [484]
l. 5327 Writing QubistHTML.idv[98] (QubistHTML97x.png)
 [485] [486]
--- file QubistHTMLse66.html ---
 [487

]
--- file QubistHTMLse67.html ---
 [488

]
--- file QubistHTMLse68.html ---
 [489

]
--- file QubistHTMLse69.html ---

Overfull \hbox (8792.40533pt too wide) in paragraph at lines 5512--5512
[][][][][][][][][][][][][][][][][][][][][][][][][][][][][][][][][][][][][][][][
][][][][][] 
 []

[490

] [491]
l. 5541 Writing QubistHTML.idv[99] (QubistHTML98x.png)
 [492]
l. 5546 Writing QubistHTML.idv[100] (QubistHTML99x.png)
 [493] [494]
--- file QubistHTMLse70.html ---
 [495

]
--- file QubistHTMLse71.html ---
 [496

]
--- file QubistHTMLse72.html ---
 [497

] [498] [499] [500]
--- file QubistHTMLse73.html ---
l. 5768 Writing QubistHTML.idv[101] (QubistHTML100x.png)
 [501

]
l. 5825 Writing QubistHTML.idv[102] (QubistHTML101x.png)
l. 5825 Writing QubistHTML.idv[103] (QubistHTML102x.png)
l. 5825 Writing QubistHTML.idv[104] (QubistHTML103x.png)
l. 5825 Writing QubistHTML.idv[105] (QubistHTML104x.png)
l. 5825 Writing QubistHTML.idv[106] (QubistHTML105x.png)
l. 5830 Writing QubistHTML.idv[107] (QubistHTML106x.png)

[502] [503]
l. 5843 Writing QubistHTML.idv[108] (QubistHTML107x.png)
 [504]
l. 5882 Writing QubistHTML.idv[109] (QubistHTML108x.png)
l. 5882 Writing QubistHTML.idv[110] (QubistHTML109x.png)
l. 5882 Writing QubistHTML.idv[111] (QubistHTML110x.png)
l. 5885 Writing QubistHTML.idv[112] (QubistHTML111x.png)
l. 5891 Writing QubistHTML.idv[113] (QubistHTML112x.png)
 [505] [506] [507] [508]
l. 5930 Writing QubistHTML.idv[114] (QubistHTML113x.png)
l. 5930 Writing QubistHTML.idv[115] (QubistHTML114x.png)
 [509] [510] [511] [512] [513

]
[514

]
Chapter 10.
--- file QubistHTMLch10.html ---
[515

] [516] [517] [518] (./QubistHTML.4ct [519])
--- file QubistHTMLse74.html ---
 [520] [521

]
l.6042 --- TeX4ht warning --- Cannot determine size of graphic in figures/Anvil
/Anvil.png (no BoundingBox) ---
l. 6042 --- needs --- figures/Anvil/Anvil.png ---
[522

] [523

] [524]
--- file QubistHTMLse75.html ---
 [525

]
--- file QubistHTMLse76.html ---
 [526

]
--- file QubistHTMLse77.html ---
 [527

] [528] [529]
--- file QubistHTMLse78.html ---

Overfull \hbox (7737.16454pt too wide) in paragraph at lines 6232--6232
[][][][][][][][][][][][][][][][][][][][][][][][][][][][][][][][][][][][][][] 
 []

[530

] [531] [532] [533]
--- file QubistHTMLse79.html ---
 [534

]
--- file QubistHTMLse80.html ---
 [535

]
--- file QubistHTMLse81.html ---
 [536

] [537] [538] [539] [540]
--- file QubistHTMLse82.html ---
l. 6474 Writing QubistHTML.idv[116] (QubistHTML115x.png)
 [541

]
l. 6522 Writing QubistHTML.idv[117] (QubistHTML116x.png)
l. 6522 Writing QubistHTML.idv[118] (QubistHTML117x.png)
l. 6555 Writing QubistHTML.idv[119] (QubistHTML118x.png)

[542]
l. 6560 Writing QubistHTML.idv[120] (QubistHTML119x.png)
 [543]
l. 6593 Writing QubistHTML.idv[121] (QubistHTML120x.png)
 [544]
l. 6652 Writing QubistHTML.idv[122] (QubistHTML121x.png)
l. 6652 Writing QubistHTML.idv[123] (QubistHTML122x.png)
l. 6652 Writing QubistHTML.idv[124] (QubistHTML123x.png)
l. 6689 Writing QubistHTML.idv[125] (QubistHTML124x.png)
 [545] [546]
l. 6725 Writing QubistHTML.idv[126] (QubistHTML125x.png)
 [547] [548] [549

] [550

]
Chapter 11.
--- file QubistHTMLch11.html ---
(./QubistHTML.4ct [551

])
--- file QubistHTMLse83.html ---
 [552] [553]
l. 6847 Writing QubistHTML.idv[127] (QubistHTML126x.png)
 [554]
l. 6868 Writing QubistHTML.idv[128] (QubistHTML127x.png)
 [555] [556] [557]
--- file QubistHTMLse84.html ---
 [558

] [559

]
l.6904 --- TeX4ht warning --- Cannot determine size of graphic in figures/Locus
t/LCW1.png (no BoundingBox) ---
l. 6904 --- needs --- figures/Locust/LCW1.png ---
[560

] [561

]
--- file QubistHTMLse85.html ---
 [562

] [563]
l. 7001 Writing QubistHTML.idv[129] (QubistHTML128x.png)
l. 7001 Writing QubistHTML.idv[130] (QubistHTML129x.png)

Overfull \hbox (7611.69385pt too wide) in paragraph at lines 7001--7001
[][][][][][][][][][][][][][][][][][][][][][][][][][][][][][][][][][][][][][][][
][][][][][][][][][][][][][][][][][] 
 []

[564]
--- file QubistHTMLse86.html ---
 [565

]
--- file QubistHTMLse87.html ---

Overfull \hbox (8088.91147pt too wide) in paragraph at lines 7083--7083
[][][][][][][][][][][][][][][][][][][][][][][][][][][][][][][][][][][] 
 []

[566

]
--- file QubistHTMLse88.html ---
 [567

]
--- file QubistHTMLse89.html ---
 [568

]
--- file QubistHTMLse90.html ---

Overfull \hbox (10251.89261pt too wide) in paragraph at lines 7223--7223
[][][][][][][][][][][][][][][][][][][][][][][][][][][][][][][][][][][][][][][][
][][][][] 
 []

[569

] [570] [571] [572] [573] [574] [575]
--- file QubistHTMLse91.html ---
 [576

]
--- file QubistHTMLse92.html ---
 [577

] [578

]
l.7421 --- TeX4ht warning --- Cannot determine size of graphic in figures/Locus
t/LAW1.png (no BoundingBox) ---
l. 7421 --- needs --- figures/Locust/LAW1.png ---
[579

] [580

]
Overfull \hbox (13575.11363pt too wide) in paragraph at lines 7486--7486
[][][][][][][][][][][][][][][][][][][][][][][][][][][][][][][][][][][][][][][][
][][][][][][][][][][][][] 
 []

[581

]
--- file QubistHTMLse93.html ---
l. 7526 Writing QubistHTML.idv[131] (QubistHTML130x.png)
l. 7549 Writing QubistHTML.idv[132] (QubistHTML131x.png)
 [582

] [583] [584] [585] [586] [587]
l. 7612 Writing QubistHTML.idv[133] (QubistHTML132x.png)
l. 7612 Writing QubistHTML.idv[134] (QubistHTML133x.png)
l. 7612 Writing QubistHTML.idv[135] (QubistHTML134x.png)
 [588] [589]
l. 7660 Writing QubistHTML.idv[136] (QubistHTML135x.png)
 [590]
l. 7693 Writing QubistHTML.idv[137] (QubistHTML136x.png)
l. 7693 Writing QubistHTML.idv[138] (QubistHTML137x.png)
l. 7693 Writing QubistHTML.idv[139] (QubistHTML138x.png)
 [591]
l. 7727 Writing QubistHTML.idv[140] (QubistHTML139x.png)
l. 7727 Writing QubistHTML.idv[141] (QubistHTML140x.png)
l. 7727 Writing QubistHTML.idv[142] (QubistHTML141x.png)
 [592]
[593]
l. 7766 Writing QubistHTML.idv[143] (QubistHTML142x.png)
l. 7800 Writing QubistHTML.idv[144] (QubistHTML143x.png)
l. 7800 Writing QubistHTML.idv[145] (QubistHTML144x.png)
l. 7800 Writing QubistHTML.idv[146] (QubistHTML145x.png)
l. 7800 Writing QubistHTML.idv[147] (QubistHTML146x.png)
l. 7800 Writing QubistHTML.idv[148] (QubistHTML147x.png)
l. 7800 Writing QubistHTML.idv[149] (QubistHTML148x.png)
 [594]
l. 7841 Writing QubistHTML.idv[150] (QubistHTML149x.png)
l. 7841 Writing QubistHTML.idv[151] (QubistHTML150x.png)
l. 7841 Writing QubistHTML.idv[152] (QubistHTML151x.png)
l. 7880 Writing QubistHTML.idv[153] (QubistHTML152x.png)
l. 7880 Writing QubistHTML.idv[154] (QubistHTML153x.png)
l. 7880 Writing QubistHTML.idv[155] (QubistHTML154x.png)
l. 7880 Writing QubistHTML.idv[156] (QubistHTML155x.png)
 [595] [596

] [597

] [598

]
Chapter 12.
--- file QubistHTMLch12.html ---
[599] [600] (./QubistHTML.4ct) [601]
--- file QubistHTMLse94.html ---
 [602] [603] [604] [605] [606] [607]
l.7941 --- TeX4ht warning --- Cannot determine size of graphic in figures/Ferre
t/additionalPaths.png (no BoundingBox) ---
l. 7941 --- needs --- figures/Ferret/additionalPaths.png ---
[608] [609]
--- file QubistHTMLse95.html ---
 [610

] [611] [612] [613] [614] [615] [616] [617] [618] [619]
[620]
--- file QubistHTMLse96.html ---
 [621

] [622]
--- file QubistHTML129.html ---
 [623] [624] [625] [626] [627] [628]
--- file QubistHTMLse97.html ---
 [629

] [630]
--- file QubistHTML131.html ---
 [631]
[632] [633] [634] [635] [636] [637] [638] [639]
--- file QubistHTMLse98.html ---
 [640

] [641] [642] [643]
[644] [645] [646] [647

]
l.8083 --- TeX4ht warning --- Cannot determine size of graphic in figures/Ferre
tHistoryExplorer/FHE.png (no BoundingBox) ---
l. 8083 --- needs --- figures/FerretHistoryExplorer/FHE.png ---
[648

] [649

]
--- file QubistHTMLse99.html ---
 [650

] [651] [652

]
l.8120 --- TeX4ht warning --- Cannot determine size of graphic in figures/movie
Tool/movieTool.png (no BoundingBox) ---
l. 8120 --- needs --- figures/movieTool/movieTool.png ---
[653

] [654

] [655] [656] [657] [658] [659] [660] [661] [662] [663

] [664

]
Chapter 13.
--- file QubistHTMLch13.html ---
[665

] [666] [667] [668] [669] [670

]
--- file QubistHTMLli1.html ---
 [671

] [672] [673] [674] (./QubistHTML.ind
[675] [676

]
--- file QubistHTMLli2.html ---
 [677

] [678] [679] [680] [681] [682] [683] [684] [685] [686]
[687] [688] [689] [690] [691]) [692]
Package atveryend Info: Empty hook `BeforeClearDocument' on input line 8218.
 [693

]
Package atveryend Info: Empty hook `AfterLastShipout' on input line 8218.
 (./QubistHTML.aux)
Package atveryend Info: Empty hook `AtVeryEndDocument' on input line 8218.
Package atveryend Info: Empty hook `AtEndAfterFileList' on input line 8218.


LaTeX Font Warning: Size substitutions with differences
(Font)              up to 11.12pt have occurred.


LaTeX Font Warning: Some font shapes were not available, defaults substituted.

Package atveryend Info: Empty hook `AtVeryVeryEnd' on input line 8218.
 ) 
Here is how much of TeX's memory you used:
 15267 strings out of 493634
 222331 string characters out of 3143401
 435778 words of memory out of 3000000
 18171 multiletter control sequences out of 15000+200000
 13883 words of font info for 53 fonts, out of 3000000 for 9000
 831 hyphenation exceptions out of 8191
 39i,13n,70p,2478b,979s stack positions out of 5000i,500n,10000p,200000b,50000s

Output written on QubistHTML.dvi (704 pages, 2224916 bytes).
